<?xml version="1.0" encoding="UTF-8"?>
<!-- Generated by org.testng.reporters.JUnitReportReporter -->
<testsuite hostname="Sonali" failures="0" tests="5" name="testNGExecution.ToUnderstandDataProvider" time="58.397" errors="0" timestamp="15 Mar 2024 14:01:39 GMT" skipped="0">
  <testcase classname="testNGExecution.ToUnderstandDataProvider" name="login" time="11.003"/>
  <testcase classname="testNGExecution.ToUnderstandDataProvider" name="login" time="11.285"/>
  <testcase classname="testNGExecution.ToUnderstandDataProvider" name="login" time="14.137"/>
  <testcase classname="testNGExecution.ToUnderstandDataProvider" name="login" time="11.198"/>
  <testcase classname="testNGExecution.ToUnderstandDataProvider" name="login" time="10.774"/>
</testsuite> <!-- testNGExecution.ToUnderstandDataProvider -->
