<?xml version="1.0" encoding="UTF-8"?>
<!-- Generated by org.testng.reporters.JUnitReportReporter -->
<testsuite hostname="Sonali" failures="0" tests="1" name="testNGExecution.Remo" time="14.651" errors="0" timestamp="15 Mar 2024 14:08:40 GMT" skipped="0">
  <testcase classname="testNGExecution.Remo" name="remo" time="14.651"/>
</testsuite> <!-- testNGExecution.Remo -->
