<?xml version="1.0" encoding="UTF-8"?>
<!-- Generated by org.testng.reporters.JUnitReportReporter -->
<testsuite hostname="Sonali" failures="0" tests="3" name="learningTestNG.EnabledFlag" time="0.031" errors="0" timestamp="12 Mar 2024 13:56:57 GMT" skipped="1">
  <testcase classname="learningTestNG.EnabledFlag" name="logout" time="0.003"/>
  <testcase classname="learningTestNG.EnabledFlag" name="login" time="0.028"/>
  <testcase classname="learningTestNG.EnabledFlag" name="addToCart">
    <skipped/>
  </testcase> <!-- addToCart -->
</testsuite> <!-- learningTestNG.EnabledFlag -->
