<?xml version="1.0" encoding="UTF-8"?>
<!-- Generated by org.testng.reporters.JUnitReportReporter -->
<testsuite hostname="Sonali" failures="0" tests="3" name="learningTestNG.DescriptionFlag" time="0.043" errors="0" timestamp="12 Mar 2024 13:53:07 GMT" skipped="0">
  <testcase classname="learningTestNG.DescriptionFlag" name="login" time="0.024"/>
  <testcase classname="learningTestNG.DescriptionFlag" name="addToCart" time="0.002"/>
  <testcase classname="learningTestNG.DescriptionFlag" name="logout" time="0.017"/>
</testsuite> <!-- learningTestNG.DescriptionFlag -->
