<?xml version="1.0" encoding="UTF-8"?>
<!-- Generated by org.testng.reporters.JUnitReportReporter -->
<testsuite hostname="Sonali" failures="0" tests="1" name="testNGExecution.Demo" time="13.464" errors="0" timestamp="13 Mar 2024 14:41:59 GMT" skipped="0">
  <testcase classname="testNGExecution.Demo" name="demo" time="13.464"/>
</testsuite> <!-- testNGExecution.Demo -->
