<?xml version="1.0" encoding="UTF-8"?>
<!-- Generated by org.testng.reporters.JUnitReportReporter -->
<testsuite hostname="Sonali" failures="0" tests="7" name="learningTestNG.PriorityFag" time="0.074" errors="0" timestamp="12 Mar 2024 13:36:35 GMT" skipped="0">
  <testcase classname="learningTestNG.PriorityFag" name="register" time="0.028"/>
  <testcase classname="learningTestNG.PriorityFag" name="login" time="0.007"/>
  <testcase classname="learningTestNG.PriorityFag" name="addToCart" time="0.003"/>
  <testcase classname="learningTestNG.PriorityFag" name="addToWishlist" time="0.007"/>
  <testcase classname="learningTestNG.PriorityFag" name="buyProduct" time="0.009"/>
  <testcase classname="learningTestNG.PriorityFag" name="tractOrder" time="0.003"/>
  <testcase classname="learningTestNG.PriorityFag" name="logout" time="0.017"/>
</testsuite> <!-- learningTestNG.PriorityFag -->
