<?xml version="1.0" encoding="UTF-8"?>
<!-- Generated by org.testng.reporters.JUnitReportReporter -->
<testsuite hostname="Sonali" failures="0" tests="2" name="learningTestNG.Annotation" time="0.023" errors="0" timestamp="13 Mar 2024 13:53:34 GMT" skipped="0">
  <testcase classname="learningTestNG.Annotation" name="test1" time="0.017"/>
  <testcase classname="learningTestNG.Annotation" name="test2" time="0.006"/>
</testsuite> <!-- learningTestNG.Annotation -->
