<?xml version="1.0" encoding="UTF-8"?>
<!-- Generated by org.testng.reporters.JUnitReportReporter -->
<testsuite hostname="Sonali" failures="0" tests="1" name="testNGExecution.Semo" time="11.231" errors="0" timestamp="15 Mar 2024 13:50:21 GMT" skipped="0">
  <testcase classname="testNGExecution.Semo" name="semo" time="11.231"/>
</testsuite> <!-- testNGExecution.Semo -->
