<?xml version="1.0" encoding="UTF-8"?>
<!-- Generated by org.testng.reporters.JUnitReportReporter -->
<testsuite hostname="Sonali" failures="0" tests="3" name="learningTestNG.DependsOnMethod" time="0.032" errors="0" timestamp="12 Mar 2024 14:12:28 GMT" skipped="0">
  <testcase classname="learningTestNG.DependsOnMethod" name="logout" time="0.005"/>
  <testcase classname="learningTestNG.DependsOnMethod" name="login" time="0.024"/>
  <testcase classname="learningTestNG.DependsOnMethod" name="addToCart" time="0.003"/>
</testsuite> <!-- learningTestNG.DependsOnMethod -->
