<?xml version="1.0" encoding="UTF-8"?>
<!-- Generated by org.testng.reporters.JUnitReportReporter -->
<testsuite hostname="Sonali" failures="0" tests="3" name="learningTestNG.FirstTestNGclass" time="0.029" errors="0" timestamp="12 Mar 2024 13:41:06 GMT" skipped="0">
  <testcase classname="learningTestNG.FirstTestNGclass" name="login" time="0.022"/>
  <testcase classname="learningTestNG.FirstTestNGclass" name="addToCart" time="0.003"/>
  <testcase classname="learningTestNG.FirstTestNGclass" name="logout" time="0.004"/>
</testsuite> <!-- learningTestNG.FirstTestNGclass -->
