<?xml version="1.0" encoding="UTF-8"?>
<!-- Generated by org.testng.reporters.JUnitReportReporter -->
<testsuite hostname="Sonali" failures="0" tests="6" name="learningTestNG.InvocationCoutFlag" time="0.097" errors="0" timestamp="12 Mar 2024 14:02:03 GMT" skipped="0">
  <testcase classname="learningTestNG.InvocationCoutFlag" name="login" time="0.027"/>
  <testcase classname="learningTestNG.InvocationCoutFlag" name="addToCart" time="0.009"/>
  <testcase classname="learningTestNG.InvocationCoutFlag" name="addToCart" time="0.004"/>
  <testcase classname="learningTestNG.InvocationCoutFlag" name="addToCart" time="0.006"/>
  <testcase classname="learningTestNG.InvocationCoutFlag" name="addToCart" time="0.022"/>
  <testcase classname="learningTestNG.InvocationCoutFlag" name="logout" time="0.029"/>
</testsuite> <!-- learningTestNG.InvocationCoutFlag -->
