<?xml version="1.0" encoding="UTF-8"?>
<!-- Generated by org.testng.reporters.JUnitReportReporter -->
<testsuite hostname="Sonali" failures="0" tests="1" name="testNGExecution.ActitimeAssert" time="12.599" errors="0" timestamp="18 Mar 2024 14:01:37 GMT" skipped="0">
  <testcase classname="testNGExecution.ActitimeAssert" name="validLogin" time="12.599"/>
</testsuite> <!-- testNGExecution.ActitimeAssert -->
