<?xml version="1.0" encoding="UTF-8"?>
<!-- Generated by org.testng.reporters.JUnitReportReporter -->
<testsuite hostname="Sonali" failures="0" tests="1" name="learningTestNG.DataProviderByExcel" time="0.000" errors="0" timestamp="15 Mar 2024 14:53:46 GMT" skipped="1">
  <testcase classname="learningTestNG.DataProviderByExcel" name="login" time="0.000">
    <skipped/>
  </testcase> <!-- login -->
</testsuite> <!-- learningTestNG.DataProviderByExcel -->
