<?xml version="1.0" encoding="UTF-8"?>
<!-- Generated by org.testng.reporters.JUnitReportReporter -->
<testsuite hostname="Sonali" failures="0" tests="3" name="testNGExecution.Parameterization" time="74.820" errors="0" timestamp="14 Mar 2024 14:50:55 GMT" skipped="0">
  <testcase classname="testNGExecution.Parameterization" name="login" time="21.739"/>
  <testcase classname="testNGExecution.Parameterization" name="login" time="21.242"/>
  <testcase classname="testNGExecution.Parameterization" name="login" time="31.839"/>
</testsuite> <!-- testNGExecution.Parameterization -->
