<?xml version="1.0" encoding="UTF-8"?>
<!-- Generated by org.testng.reporters.JUnitReportReporter -->
<testsuite hostname="Sonali" failures="0" tests="1" name="testPackage.ValideLogin" time="23.926" errors="0" timestamp="20 Mar 2024 14:49:16 GMT" skipped="0">
  <testcase classname="testPackage.ValideLogin" name="loginTestCase" time="23.926"/>
</testsuite> <!-- testPackage.ValideLogin -->
