<?xml version="1.0" encoding="UTF-8"?>
<!-- Generated by org.testng.reporters.JUnitReportReporter -->
<testsuite hostname="Sonali" failures="0" tests="1" name="testPackage.CreateNewCustomerAndProject" time="34.035" errors="0" timestamp="20 Mar 2024 14:49:16 GMT" skipped="0">
  <testcase classname="testPackage.CreateNewCustomerAndProject" name="createNewCustomerAndProjectTC" time="34.035"/>
</testsuite> <!-- testPackage.CreateNewCustomerAndProject -->
